<?xml version="1.0"?>
<Locations>
  <Project>
    <vfs_file>/home/julian/Documents/ADA/test/test.gpr</vfs_file>
    <file_marker column=" 1" line=" 1" >
      <vfs_project>/home/julian/Documents/ADA/test/test.gpr</vfs_project>
      <vfs_file>/home/julian/Documents/ADA/test/src/rb.ads</vfs_file>
    </file_marker>
    <file_marker column=" 1" line=" 18" >
      <vfs_project>/home/julian/Documents/ADA/test/test.gpr</vfs_project>
      <vfs_file>/home/julian/Documents/ADA/test/src/main.adb</vfs_file>
    </file_marker>
    <file_marker column=" 1" line=" 1" >
      <vfs_project>/home/julian/Documents/ADA/test/test.gpr</vfs_project>
      <vfs_file>/home/julian/Documents/ADA/test/src/rb.ads</vfs_file>
    </file_marker>
    <file_marker column=" 1" line=" 18" >
      <vfs_project>/home/julian/Documents/ADA/test/test.gpr</vfs_project>
      <vfs_file>/home/julian/Documents/ADA/test/src/main.adb</vfs_file>
    </file_marker>
    <file_marker column=" 1" line=" 18" >
      <vfs_project>/home/julian/Documents/ADA/test/test.gpr</vfs_project>
      <vfs_file>/home/julian/Documents/ADA/test/src/main.adb</vfs_file>
    </file_marker>
    <file_marker column=" 1" line=" 18" >
      <vfs_project>/home/julian/Documents/ADA/test/test.gpr</vfs_project>
      <vfs_file>/home/julian/Documents/ADA/test/src/main.adb</vfs_file>
    </file_marker>
    <file_marker column=" 1" line=" 18" >
      <vfs_project>/home/julian/Documents/ADA/test/test.gpr</vfs_project>
      <vfs_file>/home/julian/Documents/ADA/test/src/main.adb</vfs_file>
    </file_marker>
    <file_marker column=" 1" line=" 1" >
      <vfs_project>/home/julian/Documents/ADA/test/test.gpr</vfs_project>
      <vfs_file>/home/julian/Documents/ADA/test/src/rb.adb</vfs_file>
    </file_marker>
    <file_marker column=" 1" line=" 18" >
      <vfs_project>/home/julian/Documents/ADA/test/test.gpr</vfs_project>
      <vfs_file>/home/julian/Documents/ADA/test/src/main.adb</vfs_file>
    </file_marker>
    <file_marker column=" 1" line=" 18" >
      <vfs_project>/home/julian/Documents/ADA/test/test.gpr</vfs_project>
      <vfs_file>/home/julian/Documents/ADA/test/src/main.adb</vfs_file>
    </file_marker>
    <file_marker column=" 1" line=" 18" >
      <vfs_project>/home/julian/Documents/ADA/test/test.gpr</vfs_project>
      <vfs_file>/home/julian/Documents/ADA/test/src/main.adb</vfs_file>
    </file_marker>
    <file_marker column=" 1" line=" 18" >
      <vfs_project>/home/julian/Documents/ADA/test/test.gpr</vfs_project>
      <vfs_file>/home/julian/Documents/ADA/test/src/main.adb</vfs_file>
    </file_marker>
    <file_marker column=" 1" line=" 18" >
      <vfs_project>/home/julian/Documents/ADA/test/test.gpr</vfs_project>
      <vfs_file>/home/julian/Documents/ADA/test/src/main.adb</vfs_file>
    </file_marker>
    <file_marker column=" 46" line=" 18" >
      <vfs_project>/home/julian/Documents/ADA/test/test.gpr</vfs_project>
      <vfs_file>/home/julian/Documents/ADA/test/src/main.adb</vfs_file>
    </file_marker>
    <file_marker column=" 1" line=" 1" >
      <vfs_project>/home/julian/Documents/ADA/test/test.gpr</vfs_project>
      <vfs_file>/home/julian/Documents/ADA/test/src/rb.ads</vfs_file>
    </file_marker>
    <file_marker column=" 46" line=" 18" >
      <vfs_project>/home/julian/Documents/ADA/test/test.gpr</vfs_project>
      <vfs_file>/home/julian/Documents/ADA/test/src/main.adb</vfs_file>
    </file_marker>
    <file_marker column=" 46" line=" 18" >
      <vfs_project>/home/julian/Documents/ADA/test/test.gpr</vfs_project>
      <vfs_file>/home/julian/Documents/ADA/test/src/main.adb</vfs_file>
    </file_marker>
    <file_marker column=" 46" line=" 18" >
      <vfs_project>/home/julian/Documents/ADA/test/test.gpr</vfs_project>
      <vfs_file>/home/julian/Documents/ADA/test/src/main.adb</vfs_file>
    </file_marker>
    <file_marker column=" 1" line=" 1" >
      <vfs_project>/home/julian/Documents/ADA/test/test.gpr</vfs_project>
      <vfs_file>/home/julian/Documents/ADA/test/src/rb.adb</vfs_file>
    </file_marker>
    <file_marker column=" 1" line=" 1" >
      <vfs_project>/home/julian/Documents/ADA/test/test.gpr</vfs_project>
      <vfs_file>/home/julian/Documents/ADA/test/src/rb.adb</vfs_file>
    </file_marker>
    <file_marker column=" 1" line=" 1" >
      <vfs_project>/home/julian/Documents/ADA/test/test.gpr</vfs_project>
      <vfs_file>/home/julian/Documents/ADA/test/src/rb.adb</vfs_file>
    </file_marker>
    <file_marker column=" 1" line=" 1" >
      <vfs_project>/home/julian/Documents/ADA/test/test.gpr</vfs_project>
      <vfs_file>/home/julian/Documents/ADA/test/src/rb.ads</vfs_file>
    </file_marker>
    <file_marker column=" 1" line=" 1" >
      <vfs_project>/home/julian/Documents/ADA/test/test.gpr</vfs_project>
      <vfs_file>/home/julian/Documents/ADA/test/src/rb.ads</vfs_file>
    </file_marker>
    <file_marker column=" 1" line=" 1" >
      <vfs_project>/home/julian/Documents/ADA/test/test.gpr</vfs_project>
      <vfs_file>/home/julian/Documents/ADA/test/src/rb.ads</vfs_file>
    </file_marker>
    <file_marker column=" 1" line=" 1" >
      <vfs_project>/home/julian/Documents/ADA/test/test.gpr</vfs_project>
      <vfs_file>/home/julian/Documents/ADA/test/src/rb.adb</vfs_file>
    </file_marker>
    <file_marker column=" 1" line=" 1" >
      <vfs_project>/home/julian/Documents/ADA/test/test.gpr</vfs_project>
      <vfs_file>/home/julian/Documents/ADA/test/src/rb.adb</vfs_file>
    </file_marker>
    <file_marker column=" 1" line=" 1" >
      <vfs_project>/home/julian/Documents/ADA/test/test.gpr</vfs_project>
      <vfs_file>/home/julian/Documents/ADA/test/src/rb.adb</vfs_file>
    </file_marker>
    <file_marker column=" 1" line=" 1" >
      <vfs_project>/home/julian/Documents/ADA/test/test.gpr</vfs_project>
      <vfs_file>/home/julian/Documents/ADA/test/src/rb.ads</vfs_file>
    </file_marker>
    <file_marker column=" 1" line=" 1" >
      <vfs_project>/home/julian/Documents/ADA/test/test.gpr</vfs_project>
      <vfs_file>/home/julian/Documents/ADA/test/src/rb.adb</vfs_file>
    </file_marker>
    <file_marker column=" 1" line=" 1" >
      <vfs_project>/home/julian/Documents/ADA/test/test.gpr</vfs_project>
      <vfs_file>/home/julian/Documents/ADA/test/src/rb.adb</vfs_file>
    </file_marker>
    <file_marker column=" 1" line=" 1" >
      <vfs_project>/home/julian/Documents/ADA/test/test.gpr</vfs_project>
      <vfs_file>/home/julian/Documents/ADA/test/src/rb.adb</vfs_file>
    </file_marker>
    <file_marker column=" 1" line=" 1" >
      <vfs_project>/home/julian/Documents/ADA/test/test.gpr</vfs_project>
      <vfs_file>/home/julian/Documents/ADA/test/src/rb.adb</vfs_file>
    </file_marker>
    <file_marker column=" 46" line=" 18" >
      <vfs_project>/home/julian/Documents/ADA/test/test.gpr</vfs_project>
      <vfs_file>/home/julian/Documents/ADA/test/src/main.adb</vfs_file>
    </file_marker>
    <file_marker column=" 46" line=" 18" >
      <vfs_project>/home/julian/Documents/ADA/test/test.gpr</vfs_project>
      <vfs_file>/home/julian/Documents/ADA/test/src/main.adb</vfs_file>
    </file_marker>
    <file_marker column=" 1" line=" 1" >
      <vfs_project>/home/julian/Documents/ADA/test/test.gpr</vfs_project>
      <vfs_file>/home/julian/Documents/ADA/test/src/rb.adb</vfs_file>
    </file_marker>
    <file_marker column=" 1" line=" 1" >
      <vfs_project>/home/julian/Documents/ADA/test/test.gpr</vfs_project>
      <vfs_file>/home/julian/Documents/ADA/test/src/rb.adb</vfs_file>
    </file_marker>
    <file_marker column=" 1" line=" 1" >
      <vfs_project>/home/julian/Documents/ADA/test/test.gpr</vfs_project>
      <vfs_file>/home/julian/Documents/ADA/test/src/rb.adb</vfs_file>
    </file_marker>
    <file_marker column=" 1" line=" 1" >
      <vfs_project>/home/julian/Documents/ADA/test/test.gpr</vfs_project>
      <vfs_file>/home/julian/Documents/ADA/test/src/rb.adb</vfs_file>
    </file_marker>
    <file_marker column=" 1" line=" 1" >
      <vfs_project>/home/julian/Documents/ADA/test/test.gpr</vfs_project>
      <vfs_file>/home/julian/Documents/ADA/test/src/rb.adb</vfs_file>
    </file_marker>
    <file_marker column=" 1" line=" 1" >
      <vfs_project>/home/julian/Documents/ADA/test/test.gpr</vfs_project>
      <vfs_file>/home/julian/Documents/ADA/test/src/rb.ads</vfs_file>
    </file_marker>
    <file_marker column=" 1" line=" 1" >
      <vfs_project>/home/julian/Documents/ADA/test/test.gpr</vfs_project>
      <vfs_file>/home/julian/Documents/ADA/test/src/rb.adb</vfs_file>
    </file_marker>
    <file_marker column=" 1" line=" 1" >
      <vfs_project>/home/julian/Documents/ADA/test/test.gpr</vfs_project>
      <vfs_file>/home/julian/Documents/ADA/test/src/rb.adb</vfs_file>
    </file_marker>
    <file_marker column=" 1" line=" 1" >
      <vfs_project>/home/julian/Documents/ADA/test/test.gpr</vfs_project>
      <vfs_file>/home/julian/Documents/ADA/test/src/rb.adb</vfs_file>
    </file_marker>
    <file_marker column=" 4" line=" 18" >
      <vfs_project>/home/julian/Documents/ADA/test/test.gpr</vfs_project>
      <vfs_file>/home/julian/Documents/ADA/test/src/main.adb</vfs_file>
    </file_marker>
    <file_marker column=" 1" line=" 1" >
      <vfs_project>/home/julian/Documents/ADA/test/test.gpr</vfs_project>
      <vfs_file>/home/julian/Documents/ADA/test/src/rb.ads</vfs_file>
    </file_marker>
    <file_marker column=" 1" line=" 1" >
      <vfs_project>/home/julian/Documents/ADA/test/test.gpr</vfs_project>
      <vfs_file>/home/julian/Documents/ADA/test/src/rb.ads</vfs_file>
    </file_marker>
    <file_marker column=" 4" line=" 18" >
      <vfs_project>/home/julian/Documents/ADA/test/test.gpr</vfs_project>
      <vfs_file>/home/julian/Documents/ADA/test/src/main.adb</vfs_file>
    </file_marker>
    <file_marker column=" 1" line=" 3" >
      <vfs_project>/home/julian/Documents/ADA/test/test.gpr</vfs_project>
      <vfs_file>/home/julian/Documents/ADA/test/src/main.adb</vfs_file>
    </file_marker>
    <file_marker column=" 1" line=" 3" >
      <vfs_project>/home/julian/Documents/ADA/test/test.gpr</vfs_project>
      <vfs_file>/home/julian/Documents/ADA/test/src/main.adb</vfs_file>
    </file_marker>
    <file_marker column=" 1" line=" 4" >
      <vfs_project>/home/julian/Documents/ADA/test/test.gpr</vfs_project>
      <vfs_file>/home/julian/Documents/ADA/test/src/main.adb</vfs_file>
    </file_marker>
    <file_marker column=" 13" line=" 18" >
      <vfs_project>/home/julian/Documents/ADA/test/test.gpr</vfs_project>
      <vfs_file>/home/julian/Documents/ADA/test/src/main.adb</vfs_file>
    </file_marker>
    <file_marker column=" 18" line=" 4" >
      <vfs_project>/home/julian/Documents/ADA/test/test.gpr</vfs_project>
      <vfs_file>/home/julian/Documents/ADA/test/src/main.adb</vfs_file>
    </file_marker>
    <file_marker column=" 18" line=" 4" >
      <vfs_project>/home/julian/Documents/ADA/test/test.gpr</vfs_project>
      <vfs_file>/home/julian/Documents/ADA/test/src/main.adb</vfs_file>
    </file_marker>
    <file_marker column=" 34" line=" 18" >
      <vfs_project>/home/julian/Documents/ADA/test/test.gpr</vfs_project>
      <vfs_file>/home/julian/Documents/ADA/test/src/main.adb</vfs_file>
    </file_marker>
    <file_marker column=" 46" line=" 18" >
      <vfs_project>/home/julian/Documents/ADA/test/test.gpr</vfs_project>
      <vfs_file>/home/julian/Documents/ADA/test/src/main.adb</vfs_file>
    </file_marker>
    <file_marker column=" 34" line=" 18" >
      <vfs_project>/home/julian/Documents/ADA/test/test.gpr</vfs_project>
      <vfs_file>/home/julian/Documents/ADA/test/src/main.adb</vfs_file>
    </file_marker>
    <file_marker column=" 1" line=" 3" >
      <vfs_project>/home/julian/Documents/ADA/test/test.gpr</vfs_project>
      <vfs_file>/home/julian/Documents/ADA/test/src/main.adb</vfs_file>
    </file_marker>
    <file_marker column=" 1" line=" 4" >
      <vfs_project>/home/julian/Documents/ADA/test/test.gpr</vfs_project>
      <vfs_file>/home/julian/Documents/ADA/test/src/main.adb</vfs_file>
    </file_marker>
    <file_marker column=" 4" line=" 12" >
      <vfs_project>/home/julian/Documents/ADA/test/test.gpr</vfs_project>
      <vfs_file>/home/julian/Documents/ADA/test/src/main.adb</vfs_file>
    </file_marker>
    <file_marker column=" 1" line=" 1" >
      <vfs_project>/home/julian/Documents/ADA/test/test.gpr</vfs_project>
      <vfs_file>/home/julian/Documents/ADA/test/src/rb.adb</vfs_file>
    </file_marker>
    <file_marker column=" 1" line=" 1" >
      <vfs_project>/home/julian/Documents/ADA/test/test.gpr</vfs_project>
      <vfs_file>/home/julian/Documents/ADA/test/src/rb.adb</vfs_file>
    </file_marker>
    <file_marker column=" 1" line=" 1" >
      <vfs_project>/home/julian/Documents/ADA/test/test.gpr</vfs_project>
      <vfs_file>/home/julian/Documents/ADA/test/src/rb.adb</vfs_file>
    </file_marker>
    <file_marker column=" 1" line=" 1" >
      <vfs_project>/home/julian/Documents/ADA/test/test.gpr</vfs_project>
      <vfs_file>/home/julian/Documents/ADA/test/src/rb.adb</vfs_file>
    </file_marker>
    <file_marker column=" 1" line=" 1" >
      <vfs_project>/home/julian/Documents/ADA/test/test.gpr</vfs_project>
      <vfs_file>/home/julian/Documents/ADA/test/src/rb.adb</vfs_file>
    </file_marker>
    <file_marker column=" 46" line=" 18" >
      <vfs_project>/home/julian/Documents/ADA/test/test.gpr</vfs_project>
      <vfs_file>/home/julian/Documents/ADA/test/src/main.adb</vfs_file>
    </file_marker>
    <file_marker column=" 1" line=" 1" >
      <vfs_project>/home/julian/Documents/ADA/test/test.gpr</vfs_project>
      <vfs_file>/home/julian/Documents/ADA/test/src/rb.adb</vfs_file>
    </file_marker>
    <file_marker column=" 1" line=" 1" >
      <vfs_project>/home/julian/Documents/ADA/test/test.gpr</vfs_project>
      <vfs_file>/home/julian/Documents/ADA/test/src/rb.adb</vfs_file>
    </file_marker>
    <file_marker column=" 44" line=" 18" >
      <vfs_project>/home/julian/Documents/ADA/test/test.gpr</vfs_project>
      <vfs_file>/home/julian/Documents/ADA/test/src/main.adb</vfs_file>
    </file_marker>
    <file_marker column=" 1" line=" 1" >
      <vfs_project>/home/julian/Documents/ADA/test/test.gpr</vfs_project>
      <vfs_file>/home/julian/Documents/ADA/test/src/rb.ads</vfs_file>
    </file_marker>
    <file_marker column=" 1" line=" 1" >
      <vfs_project>/home/julian/Documents/ADA/test/test.gpr</vfs_project>
      <vfs_file>/home/julian/Documents/ADA/test/src/rb.ads</vfs_file>
    </file_marker>
    <file_marker column=" 1" line=" 1" >
      <vfs_project>/home/julian/Documents/ADA/test/test.gpr</vfs_project>
      <vfs_file>/home/julian/Documents/ADA/test/src/rb.ads</vfs_file>
    </file_marker>
    <file_marker column=" 1" line=" 1" >
      <vfs_project>/home/julian/Documents/ADA/test/test.gpr</vfs_project>
      <vfs_file>/home/julian/Documents/ADA/test/src/rb.ads</vfs_file>
    </file_marker>
    <file_marker column=" 1" line=" 1" >
      <vfs_project>/home/julian/Documents/ADA/test/test.gpr</vfs_project>
      <vfs_file>/home/julian/Documents/ADA/test/src/rb.ads</vfs_file>
    </file_marker>
    <file_marker column=" 1" line=" 1" >
      <vfs_project>/home/julian/Documents/ADA/test/test.gpr</vfs_project>
      <vfs_file>/home/julian/Documents/ADA/test/src/rb.ads</vfs_file>
    </file_marker>
    <file_marker column=" 4" line=" 18" >
      <vfs_project>/home/julian/Documents/ADA/test/test.gpr</vfs_project>
      <vfs_file>/home/julian/Documents/ADA/test/src/main.adb</vfs_file>
    </file_marker>
    <file_marker column=" 1" line=" 1" >
      <vfs_project>/home/julian/Documents/ADA/test/test.gpr</vfs_project>
      <vfs_file>/home/julian/Documents/ADA/test/src/rb.ads</vfs_file>
    </file_marker>
    <file_marker column=" 1" line=" 1" >
      <vfs_project>/home/julian/Documents/ADA/test/test.gpr</vfs_project>
      <vfs_file>/home/julian/Documents/ADA/test/src/rb.adb</vfs_file>
    </file_marker>
    <file_marker column=" 1" line=" 1" >
      <vfs_project>/home/julian/Documents/ADA/test/test.gpr</vfs_project>
      <vfs_file>/home/julian/Documents/ADA/test/src/rb.ads</vfs_file>
    </file_marker>
    <file_marker column=" 4" line=" 18" >
      <vfs_project>/home/julian/Documents/ADA/test/test.gpr</vfs_project>
      <vfs_file>/home/julian/Documents/ADA/test/src/main.adb</vfs_file>
    </file_marker>
    <file_marker column=" 1" line=" 1" >
      <vfs_project>/home/julian/Documents/ADA/test/test.gpr</vfs_project>
      <vfs_file>/home/julian/Documents/ADA/test/src/rb.ads</vfs_file>
    </file_marker>
    <file_marker column=" 4" line=" 18" >
      <vfs_project>/home/julian/Documents/ADA/test/test.gpr</vfs_project>
      <vfs_file>/home/julian/Documents/ADA/test/src/main.adb</vfs_file>
    </file_marker>
    <file_marker column=" 1" line=" 1" >
      <vfs_project>/home/julian/Documents/ADA/test/test.gpr</vfs_project>
      <vfs_file>/home/julian/Documents/ADA/test/src/rb.ads</vfs_file>
    </file_marker>
    <file_marker column=" 1" line=" 1" >
      <vfs_project>/home/julian/Documents/ADA/test/test.gpr</vfs_project>
      <vfs_file>/home/julian/Documents/ADA/test/src/rb.ads</vfs_file>
    </file_marker>
    <file_marker column=" 1" line=" 1" >
      <vfs_project>/home/julian/Documents/ADA/test/test.gpr</vfs_project>
      <vfs_file>/home/julian/Documents/ADA/test/src/rb.ads</vfs_file>
    </file_marker>
    <file_marker column=" 4" line=" 18" >
      <vfs_project>/home/julian/Documents/ADA/test/test.gpr</vfs_project>
      <vfs_file>/home/julian/Documents/ADA/test/src/main.adb</vfs_file>
    </file_marker>
    <file_marker column=" 1" line=" 1" >
      <vfs_project>/home/julian/Documents/ADA/test/test.gpr</vfs_project>
      <vfs_file>/home/julian/Documents/ADA/test/src/rb.ads</vfs_file>
    </file_marker>
    <file_marker column=" 1" line=" 1" >
      <vfs_project>/home/julian/Documents/ADA/test/test.gpr</vfs_project>
      <vfs_file>/home/julian/Documents/ADA/test/src/rb.ads</vfs_file>
    </file_marker>
    <file_marker column=" 1" line=" 1" >
      <vfs_project>/home/julian/Documents/ADA/test/test.gpr</vfs_project>
      <vfs_file>/home/julian/Documents/ADA/test/src/rb.ads</vfs_file>
    </file_marker>
    <file_marker column=" 1" line=" 1" >
      <vfs_project>/home/julian/Documents/ADA/test/test.gpr</vfs_project>
      <vfs_file>/home/julian/Documents/ADA/test/src/rb.ads</vfs_file>
    </file_marker>
    <file_marker column=" 1" line=" 1" >
      <vfs_project>/home/julian/Documents/ADA/test/test.gpr</vfs_project>
      <vfs_file>/home/julian/Documents/ADA/test/src/rb.ads</vfs_file>
    </file_marker>
    <file_marker column=" 1" line=" 1" >
      <vfs_project>/home/julian/Documents/ADA/test/test.gpr</vfs_project>
      <vfs_file>/home/julian/Documents/ADA/test/src/rb.ads</vfs_file>
    </file_marker>
    <file_marker column=" 1" line=" 1" >
      <vfs_project>/home/julian/Documents/ADA/test/test.gpr</vfs_project>
      <vfs_file>/home/julian/Documents/ADA/test/src/rb.ads</vfs_file>
    </file_marker>
    <file_marker column=" 1" line=" 1" >
      <vfs_project>/home/julian/Documents/ADA/test/test.gpr</vfs_project>
      <vfs_file>/home/julian/Documents/ADA/test/src/rb.ads</vfs_file>
    </file_marker>
    <file_marker column=" 1" line=" 1" >
      <vfs_project>/home/julian/Documents/ADA/test/test.gpr</vfs_project>
      <vfs_file>/home/julian/Documents/ADA/test/src/rb.ads</vfs_file>
    </file_marker>
    <file_marker column=" 1" line=" 1" >
      <vfs_project>/home/julian/Documents/ADA/test/test.gpr</vfs_project>
      <vfs_file>/home/julian/Documents/ADA/test/src/rb.ads</vfs_file>
    </file_marker>
    <file_marker column=" 1" line=" 1" >
      <vfs_project>/home/julian/Documents/ADA/test/test.gpr</vfs_project>
      <vfs_file>/home/julian/Documents/ADA/test/src/rb.ads</vfs_file>
    </file_marker>
    <file_marker column=" 1" line=" 1" >
      <vfs_project>/home/julian/Documents/ADA/test/test.gpr</vfs_project>
      <vfs_file>/home/julian/Documents/ADA/test/src/rb.ads</vfs_file>
    </file_marker>
    <file_marker column=" 1" line=" 1" >
      <vfs_project>/home/julian/Documents/ADA/test/test.gpr</vfs_project>
      <vfs_file>/home/julian/Documents/ADA/test/src/rb.ads</vfs_file>
    </file_marker>
    <file_marker column=" 1" line=" 1" >
      <vfs_project>/home/julian/Documents/ADA/test/test.gpr</vfs_project>
      <vfs_file>/home/julian/Documents/ADA/test/src/rb.ads</vfs_file>
    </file_marker>
    <file_marker column=" 1" line=" 1" >
      <vfs_project>/home/julian/Documents/ADA/test/test.gpr</vfs_project>
      <vfs_file>/home/julian/Documents/ADA/test/src/rb.ads</vfs_file>
    </file_marker>
    <file_marker column=" 1" line=" 1" >
      <vfs_project>/home/julian/Documents/ADA/test/test.gpr</vfs_project>
      <vfs_file>/home/julian/Documents/ADA/test/src/rb.ads</vfs_file>
    </file_marker>
    <file_marker column=" 1" line=" 1" >
      <vfs_project>/home/julian/Documents/ADA/test/test.gpr</vfs_project>
      <vfs_file>/home/julian/Documents/ADA/test/src/rb.ads</vfs_file>
    </file_marker>
    <file_marker column=" 1" line=" 1" >
      <vfs_project>/home/julian/Documents/ADA/test/test.gpr</vfs_project>
      <vfs_file>/home/julian/Documents/ADA/test/src/rb.ads</vfs_file>
    </file_marker>
    <file_marker column=" 46" line=" 18" >
      <vfs_project>/home/julian/Documents/ADA/test/test.gpr</vfs_project>
      <vfs_file>/home/julian/Documents/ADA/test/src/main.adb</vfs_file>
    </file_marker>
    <file_marker column=" 1" line=" 1" >
      <vfs_project>/home/julian/Documents/ADA/test/test.gpr</vfs_project>
      <vfs_file>/home/julian/Documents/ADA/test/src/rb.adb</vfs_file>
    </file_marker>
    <file_marker column=" 46" line=" 18" >
      <vfs_project>/home/julian/Documents/ADA/test/test.gpr</vfs_project>
      <vfs_file>/home/julian/Documents/ADA/test/src/main.adb</vfs_file>
    </file_marker>
    <file_marker column=" 1" line=" 1" >
      <vfs_project>/home/julian/Documents/ADA/test/test.gpr</vfs_project>
      <vfs_file>/home/julian/Documents/ADA/test/src/rb.adb</vfs_file>
    </file_marker>
    <file_marker column=" 46" line=" 18" >
      <vfs_project>/home/julian/Documents/ADA/test/test.gpr</vfs_project>
      <vfs_file>/home/julian/Documents/ADA/test/src/main.adb</vfs_file>
    </file_marker>
    <file_marker column=" 1" line=" 1" >
      <vfs_project>/home/julian/Documents/ADA/test/test.gpr</vfs_project>
      <vfs_file>/home/julian/Documents/ADA/test/src/rb.adb</vfs_file>
    </file_marker>
    <file_marker column=" 46" line=" 18" >
      <vfs_project>/home/julian/Documents/ADA/test/test.gpr</vfs_project>
      <vfs_file>/home/julian/Documents/ADA/test/src/main.adb</vfs_file>
    </file_marker>
    <file_marker column=" 1" line=" 1" >
      <vfs_project>/home/julian/Documents/ADA/test/test.gpr</vfs_project>
      <vfs_file>/home/julian/Documents/ADA/test/src/rb.adb</vfs_file>
    </file_marker>
    <file_marker column=" 1" line=" 1" >
      <vfs_project>/home/julian/Documents/ADA/test/test.gpr</vfs_project>
      <vfs_file>/home/julian/Documents/ADA/test/src/rb.adb</vfs_file>
    </file_marker>
    <file_marker column=" 1" line=" 1" >
      <vfs_project>/home/julian/Documents/ADA/test/test.gpr</vfs_project>
      <vfs_file>/home/julian/Documents/ADA/test/src/rb.adb</vfs_file>
    </file_marker>
    <file_marker column=" 46" line=" 18" >
      <vfs_project>/home/julian/Documents/ADA/test/test.gpr</vfs_project>
      <vfs_file>/home/julian/Documents/ADA/test/src/main.adb</vfs_file>
    </file_marker>
    <file_marker column=" 1" line=" 1" >
      <vfs_project>/home/julian/Documents/ADA/test/test.gpr</vfs_project>
      <vfs_file>/home/julian/Documents/ADA/test/src/rb.adb</vfs_file>
    </file_marker>
    <file_marker column=" 46" line=" 18" >
      <vfs_project>/home/julian/Documents/ADA/test/test.gpr</vfs_project>
      <vfs_file>/home/julian/Documents/ADA/test/src/main.adb</vfs_file>
    </file_marker>
    <file_marker column=" 1" line=" 1" >
      <vfs_project>/home/julian/Documents/ADA/test/test.gpr</vfs_project>
      <vfs_file>/home/julian/Documents/ADA/test/src/rb.ads</vfs_file>
    </file_marker>
    <file_marker column=" 1" line=" 1" >
      <vfs_project>/home/julian/Documents/ADA/test/test.gpr</vfs_project>
      <vfs_file>/home/julian/Documents/ADA/test/src/rb.ads</vfs_file>
    </file_marker>
    <file_marker column=" 1" line=" 1" >
      <vfs_project>/home/julian/Documents/ADA/test/test.gpr</vfs_project>
      <vfs_file>/home/julian/Documents/ADA/test/src/rb.ads</vfs_file>
    </file_marker>
    <file_marker column=" 4" line=" 18" >
      <vfs_project>/home/julian/Documents/ADA/test/test.gpr</vfs_project>
      <vfs_file>/home/julian/Documents/ADA/test/src/main.adb</vfs_file>
    </file_marker>
    <file_marker column=" 1" line=" 1" >
      <vfs_project>/home/julian/Documents/ADA/test/test.gpr</vfs_project>
      <vfs_file>/home/julian/Documents/ADA/test/src/rb.ads</vfs_file>
    </file_marker>
    <file_marker column=" 46" line=" 18" >
      <vfs_project>/home/julian/Documents/ADA/test/test.gpr</vfs_project>
      <vfs_file>/home/julian/Documents/ADA/test/src/main.adb</vfs_file>
    </file_marker>
    <file_marker column=" 1" line=" 1" >
      <vfs_project>/home/julian/Documents/ADA/test/test.gpr</vfs_project>
      <vfs_file>/home/julian/Documents/ADA/test/src/rb.adb</vfs_file>
    </file_marker>
    <file_marker column=" 1" line=" 1" >
      <vfs_project>/home/julian/Documents/ADA/test/test.gpr</vfs_project>
      <vfs_file>/home/julian/Documents/ADA/test/src/rb.ads</vfs_file>
    </file_marker>
    <file_marker column=" 1" line=" 1" >
      <vfs_project>/home/julian/Documents/ADA/test/test.gpr</vfs_project>
      <vfs_file>/home/julian/Documents/ADA/test/src/rb.adb</vfs_file>
    </file_marker>
    <file_marker column=" 46" line=" 18" >
      <vfs_project>/home/julian/Documents/ADA/test/test.gpr</vfs_project>
      <vfs_file>/home/julian/Documents/ADA/test/src/main.adb</vfs_file>
    </file_marker>
    <file_marker column=" 1" line=" 1" >
      <vfs_project>/home/julian/Documents/ADA/test/test.gpr</vfs_project>
      <vfs_file>/home/julian/Documents/ADA/test/src/rb.ads</vfs_file>
    </file_marker>
    <file_marker column=" 1" line=" 1" >
      <vfs_project>/home/julian/Documents/ADA/test/test.gpr</vfs_project>
      <vfs_file>/home/julian/Documents/ADA/test/src/rb.ads</vfs_file>
    </file_marker>
    <file_marker column=" 46" line=" 18" >
      <vfs_project>/home/julian/Documents/ADA/test/test.gpr</vfs_project>
      <vfs_file>/home/julian/Documents/ADA/test/src/main.adb</vfs_file>
    </file_marker>
    <file_marker column=" 1" line=" 1" >
      <vfs_project>/home/julian/Documents/ADA/test/test.gpr</vfs_project>
      <vfs_file>/home/julian/Documents/ADA/test/src/rb.ads</vfs_file>
    </file_marker>
    <file_marker column=" 1" line=" 1" >
      <vfs_project>/home/julian/Documents/ADA/test/test.gpr</vfs_project>
      <vfs_file>/home/julian/Documents/ADA/test/src/rb.ads</vfs_file>
    </file_marker>
    <file_marker column=" 46" line=" 18" >
      <vfs_project>/home/julian/Documents/ADA/test/test.gpr</vfs_project>
      <vfs_file>/home/julian/Documents/ADA/test/src/main.adb</vfs_file>
    </file_marker>
    <file_marker column=" 1" line=" 21" >
      <vfs_project>/home/julian/Documents/ADA/test/test.gpr</vfs_project>
      <vfs_file>/home/julian/Documents/ADA/test/src/main.adb</vfs_file>
    </file_marker>
    <file_marker column=" 1" line=" 1" >
      <vfs_project>/home/julian/Documents/ADA/test/test.gpr</vfs_project>
      <vfs_file>/home/julian/Documents/ADA/test/src/rb.ads</vfs_file>
    </file_marker>
    <file_marker column=" 1" line=" 1" >
      <vfs_project>/home/julian/Documents/ADA/test/test.gpr</vfs_project>
      <vfs_file>/home/julian/Documents/ADA/test/src/rb.ads</vfs_file>
    </file_marker>
    <file_marker column=" 1" line=" 1" >
      <vfs_project>/home/julian/Documents/ADA/test/test.gpr</vfs_project>
      <vfs_file>/home/julian/Documents/ADA/test/src/rb.ads</vfs_file>
    </file_marker>
    <file_marker column=" 1" line=" 1" >
      <vfs_project>/home/julian/Documents/ADA/test/test.gpr</vfs_project>
      <vfs_file>/home/julian/Documents/ADA/test/src/rb.ads</vfs_file>
    </file_marker>
    <file_marker column=" 1" line=" 1" >
      <vfs_project>/home/julian/Documents/ADA/test/test.gpr</vfs_project>
      <vfs_file>/home/julian/Documents/ADA/test/src/rb.ads</vfs_file>
    </file_marker>
    <file_marker column=" 1" line=" 1" >
      <vfs_project>/home/julian/Documents/ADA/test/test.gpr</vfs_project>
      <vfs_file>/home/julian/Documents/ADA/test/src/rb.ads</vfs_file>
    </file_marker>
    <file_marker column=" 1" line=" 1" >
      <vfs_project>/home/julian/Documents/ADA/test/test.gpr</vfs_project>
      <vfs_file>/home/julian/Documents/ADA/test/src/rb.ads</vfs_file>
    </file_marker>
    <file_marker column=" 1" line=" 1" >
      <vfs_project>/home/julian/Documents/ADA/test/test.gpr</vfs_project>
      <vfs_file>/home/julian/Documents/ADA/test/src/rb.ads</vfs_file>
    </file_marker>
    <file_marker column=" 1" line=" 1" >
      <vfs_project>/home/julian/Documents/ADA/test/test.gpr</vfs_project>
      <vfs_file>/home/julian/Documents/ADA/test/src/rb.ads</vfs_file>
    </file_marker>
    <file_marker column=" 1" line=" 1" >
      <vfs_project>/home/julian/Documents/ADA/test/test.gpr</vfs_project>
      <vfs_file>/home/julian/Documents/ADA/test/src/rb.ads</vfs_file>
    </file_marker>
    <file_marker column=" 1" line=" 1" >
      <vfs_project>/home/julian/Documents/ADA/test/test.gpr</vfs_project>
      <vfs_file>/home/julian/Documents/ADA/test/src/rb.ads</vfs_file>
    </file_marker>
    <file_marker column=" 1" line=" 1" >
      <vfs_project>/home/julian/Documents/ADA/test/test.gpr</vfs_project>
      <vfs_file>/home/julian/Documents/ADA/test/src/rb.ads</vfs_file>
    </file_marker>
    <file_marker column=" 1" line=" 1" >
      <vfs_project>/home/julian/Documents/ADA/test/test.gpr</vfs_project>
      <vfs_file>/home/julian/Documents/ADA/test/src/rb.ads</vfs_file>
    </file_marker>
    <file_marker column=" 1" line=" 1" >
      <vfs_project>/home/julian/Documents/ADA/test/test.gpr</vfs_project>
      <vfs_file>/home/julian/Documents/ADA/test/src/rb.ads</vfs_file>
    </file_marker>
    <file_marker column=" 1" line=" 1" >
      <vfs_project>/home/julian/Documents/ADA/test/test.gpr</vfs_project>
      <vfs_file>/home/julian/Documents/ADA/test/src/rb.ads</vfs_file>
    </file_marker>
    <file_marker column=" 1" line=" 1" >
      <vfs_project>/home/julian/Documents/ADA/test/test.gpr</vfs_project>
      <vfs_file>/home/julian/Documents/ADA/test/src/rb.ads</vfs_file>
    </file_marker>
    <file_marker column=" 1" line=" 1" >
      <vfs_project>/home/julian/Documents/ADA/test/test.gpr</vfs_project>
      <vfs_file>/home/julian/Documents/ADA/test/src/rb.ads</vfs_file>
    </file_marker>
    <file_marker column=" 1" line=" 1" >
      <vfs_project>/home/julian/Documents/ADA/test/test.gpr</vfs_project>
      <vfs_file>/home/julian/Documents/ADA/test/src/rb.ads</vfs_file>
    </file_marker>
    <file_marker column=" 1" line=" 1" >
      <vfs_project>/home/julian/Documents/ADA/test/test.gpr</vfs_project>
      <vfs_file>/home/julian/Documents/ADA/test/src/rb.ads</vfs_file>
    </file_marker>
    <file_marker column=" 1" line=" 1" >
      <vfs_project>/home/julian/Documents/ADA/test/test.gpr</vfs_project>
      <vfs_file>/home/julian/Documents/ADA/test/src/rb.ads</vfs_file>
    </file_marker>
    <file_marker column=" 1" line=" 1" >
      <vfs_project>/home/julian/Documents/ADA/test/test.gpr</vfs_project>
      <vfs_file>/home/julian/Documents/ADA/test/src/rb.adb</vfs_file>
    </file_marker>
    <file_marker column=" 1" line=" 1" >
      <vfs_project>/home/julian/Documents/ADA/test/test.gpr</vfs_project>
      <vfs_file>/home/julian/Documents/ADA/test/src/rb.adb</vfs_file>
    </file_marker>
    <file_marker column=" 1" line=" 1" >
      <vfs_project>/home/julian/Documents/ADA/test/test.gpr</vfs_project>
      <vfs_file>/home/julian/Documents/ADA/test/src/rb.ads</vfs_file>
    </file_marker>
    <file_marker column=" 1" line=" 1" >
      <vfs_project>/home/julian/Documents/ADA/test/test.gpr</vfs_project>
      <vfs_file>/home/julian/Documents/ADA/test/src/rb.adb</vfs_file>
    </file_marker>
    <file_marker column=" 1" line=" 1" >
      <vfs_project>/home/julian/Documents/ADA/test/test.gpr</vfs_project>
      <vfs_file>/home/julian/Documents/ADA/test/src/rb.adb</vfs_file>
    </file_marker>
    <file_marker column=" 1" line=" 1" >
      <vfs_project>/home/julian/Documents/ADA/test/test.gpr</vfs_project>
      <vfs_file>/home/julian/Documents/ADA/test/src/rb.adb</vfs_file>
    </file_marker>
    <file_marker column=" 1" line=" 1" >
      <vfs_project>/home/julian/Documents/ADA/test/test.gpr</vfs_project>
      <vfs_file>/home/julian/Documents/ADA/test/src/rb.ads</vfs_file>
    </file_marker>
    <file_marker column=" 1" line=" 1" >
      <vfs_project>/home/julian/Documents/ADA/test/test.gpr</vfs_project>
      <vfs_file>/home/julian/Documents/ADA/test/src/rb.adb</vfs_file>
    </file_marker>
    <file_marker column=" 1" line=" 1" >
      <vfs_project>/home/julian/Documents/ADA/test/test.gpr</vfs_project>
      <vfs_file>/home/julian/Documents/ADA/test/src/rb.adb</vfs_file>
    </file_marker>
    <file_marker column=" 1" line=" 1" >
      <vfs_project>/home/julian/Documents/ADA/test/test.gpr</vfs_project>
      <vfs_file>/home/julian/Documents/ADA/test/src/rb.adb</vfs_file>
    </file_marker>
    <file_marker column=" 1" line=" 1" >
      <vfs_project>/home/julian/Documents/ADA/test/test.gpr</vfs_project>
      <vfs_file>/home/julian/Documents/ADA/test/src/rb.adb</vfs_file>
    </file_marker>
    <file_marker column=" 1" line=" 1" >
      <vfs_project>/home/julian/Documents/ADA/test/test.gpr</vfs_project>
      <vfs_file>/home/julian/Documents/ADA/test/src/rb.adb</vfs_file>
    </file_marker>
    <file_marker column=" 1" line=" 1" >
      <vfs_project>/home/julian/Documents/ADA/test/test.gpr</vfs_project>
      <vfs_file>/home/julian/Documents/ADA/test/src/rb.adb</vfs_file>
    </file_marker>
    <file_marker column=" 1" line=" 1" >
      <vfs_project>/home/julian/Documents/ADA/test/test.gpr</vfs_project>
      <vfs_file>/home/julian/Documents/ADA/test/src/rb.adb</vfs_file>
    </file_marker>
    <file_marker column=" 1" line=" 1" >
      <vfs_project>/home/julian/Documents/ADA/test/test.gpr</vfs_project>
      <vfs_file>/home/julian/Documents/ADA/test/src/rb.adb</vfs_file>
    </file_marker>
    <file_marker column=" 1" line=" 1" >
      <vfs_project>/home/julian/Documents/ADA/test/test.gpr</vfs_project>
      <vfs_file>/home/julian/Documents/ADA/test/src/rb.adb</vfs_file>
    </file_marker>
    <file_marker column=" 1" line=" 1" >
      <vfs_project>/home/julian/Documents/ADA/test/test.gpr</vfs_project>
      <vfs_file>/home/julian/Documents/ADA/test/src/rb.adb</vfs_file>
    </file_marker>
    <file_marker column=" 1" line=" 1" >
      <vfs_project>/home/julian/Documents/ADA/test/test.gpr</vfs_project>
      <vfs_file>/home/julian/Documents/ADA/test/src/rb.adb</vfs_file>
    </file_marker>
    <file_marker column=" 1" line=" 1" >
      <vfs_project>/home/julian/Documents/ADA/test/test.gpr</vfs_project>
      <vfs_file>/home/julian/Documents/ADA/test/src/rb.adb</vfs_file>
    </file_marker>
    <file_marker column=" 1" line=" 1" >
      <vfs_project>/home/julian/Documents/ADA/test/test.gpr</vfs_project>
      <vfs_file>/home/julian/Documents/ADA/test/src/rb.adb</vfs_file>
    </file_marker>
    <file_marker column=" 1" line=" 1" >
      <vfs_project>/home/julian/Documents/ADA/test/test.gpr</vfs_project>
      <vfs_file>/home/julian/Documents/ADA/test/src/rb.adb</vfs_file>
    </file_marker>
    <file_marker column=" 1" line=" 84" >
      <vfs_project>/home/julian/Documents/ADA/test/test.gpr</vfs_project>
      <vfs_file>/home/julian/Documents/ADA/test/src/rb.adb</vfs_file>
    </file_marker>
    <file_marker column=" 10" line=" 26" >
      <vfs_project>/home/julian/Documents/ADA/test/test.gpr</vfs_project>
      <vfs_file>/home/julian/Documents/ADA/test/src/rb.adb</vfs_file>
    </file_marker>
    <file_marker column=" 43" line=" 25" >
      <vfs_project>/home/julian/Documents/ADA/test/test.gpr</vfs_project>
      <vfs_file>/home/julian/Documents/ADA/test/src/main.adb</vfs_file>
    </file_marker>
    <file_marker column=" 14" line=" 24" >
      <vfs_project>/home/julian/Documents/ADA/test/test.gpr</vfs_project>
      <vfs_file>/home/julian/Documents/ADA/test/src/main.adb</vfs_file>
    </file_marker>
    <file_marker column=" 20" line=" 71" >
      <vfs_project>/home/julian/Documents/ADA/test/test.gpr</vfs_project>
      <vfs_file>/home/julian/Documents/ADA/test/src/rb.adb</vfs_file>
    </file_marker>
    <file_marker column=" 13" line=" 29" >
      <vfs_project>/home/julian/Documents/ADA/test/test.gpr</vfs_project>
      <vfs_file>/home/julian/Documents/ADA/test/src/main.adb</vfs_file>
    </file_marker>
    <file_marker column=" 26" line=" 31" >
      <vfs_project>/home/julian/Documents/ADA/test/test.gpr</vfs_project>
      <vfs_file>/home/julian/Documents/ADA/test/src/rb.adb</vfs_file>
    </file_marker>
    <file_marker column=" 1" line=" 36" >
      <vfs_project>/home/julian/Documents/ADA/test/test.gpr</vfs_project>
      <vfs_file>/home/julian/Documents/ADA/test/src/main.adb</vfs_file>
    </file_marker>
    <file_marker column=" 1" line=" 4" >
      <vfs_project>/home/julian/Documents/ADA/test/test.gpr</vfs_project>
      <vfs_file>/home/julian/Documents/ADA/test/src/main.adb</vfs_file>
    </file_marker>
    <file_marker column=" 7" line=" 31" >
      <vfs_project>/home/julian/Documents/ADA/test/test.gpr</vfs_project>
      <vfs_file>/home/julian/Documents/ADA/test/src/rb.adb</vfs_file>
    </file_marker>
    <file_marker column=" 37" line=" 30" >
      <vfs_project>/home/julian/Documents/ADA/test/test.gpr</vfs_project>
      <vfs_file>/home/julian/Documents/ADA/test/src/rb.adb</vfs_file>
    </file_marker>
    <file_marker column=" 19" line=" 4" >
      <vfs_project>/home/julian/Documents/ADA/test/test.gpr</vfs_project>
      <vfs_file>/home/julian/Documents/ADA/test/src/rb.adb</vfs_file>
    </file_marker>
    <file_marker column=" 7" line=" 30" >
      <vfs_project>/home/julian/Documents/ADA/test/test.gpr</vfs_project>
      <vfs_file>/home/julian/Documents/ADA/test/src/rb.adb</vfs_file>
    </file_marker>
    <file_marker column=" 38" line=" 18" >
      <vfs_project>/home/julian/Documents/ADA/test/test.gpr</vfs_project>
      <vfs_file>/home/julian/Documents/ADA/test/src/rb.ads</vfs_file>
    </file_marker>
    <file_marker column=" 8" line=" 29" >
      <vfs_project>/home/julian/Documents/ADA/test/test.gpr</vfs_project>
      <vfs_file>/home/julian/Documents/ADA/test/src/main.adb</vfs_file>
    </file_marker>
    <file_marker column=" 4" line=" 20" >
      <vfs_project>/home/julian/Documents/ADA/test/test.gpr</vfs_project>
      <vfs_file>/home/julian/Documents/ADA/test/src/main.adb</vfs_file>
    </file_marker>
    <file_marker column=" 30" line=" 18" >
      <vfs_project>/home/julian/Documents/ADA/test/test.gpr</vfs_project>
      <vfs_file>/home/julian/Documents/ADA/test/src/rb.ads</vfs_file>
    </file_marker>
    <file_marker column=" 10" line=" 33" >
      <vfs_project>/home/julian/Documents/ADA/test/test.gpr</vfs_project>
      <vfs_file>/home/julian/Documents/ADA/test/src/rb.adb</vfs_file>
    </file_marker>
    <file_marker column=" 4" line=" 57" >
      <vfs_project>/home/julian/Documents/ADA/test/test.gpr</vfs_project>
      <vfs_file>/home/julian/Documents/ADA/test/src/rb.adb</vfs_file>
    </file_marker>
    <file_marker column=" 1" line=" 59" >
      <vfs_project>/home/julian/Documents/ADA/test/test.gpr</vfs_project>
      <vfs_file>/home/julian/Documents/ADA/test/src/rb.adb</vfs_file>
    </file_marker>
    <file_marker column=" 1" line=" 64" >
      <vfs_project>/home/julian/Documents/ADA/test/test.gpr</vfs_project>
      <vfs_file>/home/julian/Documents/ADA/test/src/rb.adb</vfs_file>
    </file_marker>
    <file_marker column=" 1" line=" 59" >
      <vfs_project>/home/julian/Documents/ADA/test/test.gpr</vfs_project>
      <vfs_file>/home/julian/Documents/ADA/test/src/rb.adb</vfs_file>
    </file_marker>
    <file_marker column=" 11" line=" 62" >
      <vfs_project>/home/julian/Documents/ADA/test/test.gpr</vfs_project>
      <vfs_file>/home/julian/Documents/ADA/test/src/rb.adb</vfs_file>
    </file_marker>
    <file_marker column=" 16" line=" 55" >
      <vfs_project>/home/julian/Documents/ADA/test/test.gpr</vfs_project>
      <vfs_file>/home/julian/Documents/ADA/test/src/rb.adb</vfs_file>
    </file_marker>
    <file_marker column=" 15" line=" 31" >
      <vfs_project>/home/julian/Documents/ADA/test/test.gpr</vfs_project>
      <vfs_file>/home/julian/Documents/ADA/test/src/main.adb</vfs_file>
    </file_marker>
    <file_marker current="true" column=" 8" line=" 7" >
      <vfs_project>/home/julian/Documents/ADA/test/test.gpr</vfs_project>
      <vfs_file>/home/julian/Documents/ADA/test/src/main.adb</vfs_file>
    </file_marker>
  </Project>
</Locations>
